<?xml version="1.0" encoding="UTF-8"?>
<!-- Generated by org.testng.reporters.JUnitXMLReporter -->
<testsuite ignored="0" hostname="LTIN485176" failures="0" tests="3" name="SessionHandling" time="70.92" errors="0" timestamp="2025-04-18T16:35:28 IST">
  <testcase classname="org.sample.TutorialPoint.SessionHandling" name="method1" time="67.028"/>
  <testcase classname="org.sample.TutorialPoint.SessionHandling" name="method2" time="67.038"/>
  <testcase classname="org.sample.TutorialPoint.SessionHandling" name="method3" time="70.821"/>
</testsuite> <!-- SessionHandling -->
