<?xml version="1.0" encoding="UTF-8"?>
<!-- Generated by org.testng.reporters.JUnitXMLReporter -->
<testsuite ignored="0" hostname="LTIN485176" failures="0" tests="4" name="Parallel Test" time="261.063" errors="0" timestamp="2025-04-11T18:10:59 IST">
  <testcase classname="org.sample.TutorialPoint.Parallel_Execuation" name="Verify_AlertsFamesAndWindows" time="19.633"/>
  <testcase classname="org.sample.TutorialPoint.Parallel_Execuation" name="Verify_Elements" time="24.013"/>
  <testcase classname="org.sample.TutorialPoint.Parallel_Execuation" name="Verify_Forms" time="64.992"/>
  <testcase classname="org.sample.TutorialPoint.Parallel_Execuation" name="Verify_Widgets" time="139.535"/>
</testsuite> <!-- Parallel Test -->
