<?xml version="1.0" encoding="UTF-8"?>
<testng-results ignored="0" total="1" passed="1" failed="0" skipped="0">
  <reporter-output>
  </reporter-output>
  <suite started-at="2025-05-02T10:01:54 IST" name="Default suite" finished-at="2025-05-02T10:02:27 IST" duration-ms="33485">
    <groups>
    </groups>
    <test started-at="2025-05-02T10:01:54 IST" name="Default test" finished-at="2025-05-02T10:02:27 IST" duration-ms="33485">
      <class name="org.sample.TutorialPoint.Parallel_Execuation">
        <test-method is-config="true" signature="openBrowser()[pri:0, instance:org.sample.TutorialPoint.Parallel_Execuation@4c178a76]" started-at="2025-05-02T10:01:54 IST" name="openBrowser" finished-at="2025-05-02T10:02:01 IST" duration-ms="7188" status="PASS">
          <reporter-output>
          </reporter-output>
        </test-method> <!-- openBrowser -->
        <test-method signature="Verify_Widgets()[pri:0, instance:org.sample.TutorialPoint.Parallel_Execuation@4c178a76]" started-at="2025-05-02T10:02:01 IST" name="Verify_Widgets" finished-at="2025-05-02T10:02:24 IST" duration-ms="22616" status="PASS">
          <reporter-output>
          </reporter-output>
        </test-method> <!-- Verify_Widgets -->
        <test-method is-config="true" signature="closeBrowser()[pri:0, instance:org.sample.TutorialPoint.Parallel_Execuation@4c178a76]" started-at="2025-05-02T10:02:24 IST" name="closeBrowser" finished-at="2025-05-02T10:02:27 IST" duration-ms="3242" status="PASS">
          <reporter-output>
          </reporter-output>
        </test-method> <!-- closeBrowser -->
      </class> <!-- org.sample.TutorialPoint.Parallel_Execuation -->
    </test> <!-- Default test -->
  </suite> <!-- Default suite -->
</testng-results>
