<?xml version="1.0" encoding="UTF-8"?>
<testng-results ignored="0" total="4" passed="4" failed="0" skipped="0">
  <reporter-output>
  </reporter-output>
  <suite started-at="2025-04-11T18:06:38 IST" name="parallel testing" finished-at="2025-04-11T18:10:59 IST" duration-ms="261063">
    <groups>
    </groups>
    <test started-at="2025-04-11T18:06:38 IST" name="Parallel Test" finished-at="2025-04-11T18:10:59 IST" duration-ms="261063">
      <class name="org.sample.TutorialPoint.Parallel_Execuation">
        <test-method is-config="true" signature="openBrowser()[pri:0, instance:org.sample.TutorialPoint.Parallel_Execuation@239a307b]" started-at="2025-04-11T18:06:38 IST" name="openBrowser" finished-at="2025-04-11T18:06:41 IST" duration-ms="2754" status="PASS">
          <reporter-output>
          </reporter-output>
        </test-method> <!-- openBrowser -->
        <test-method signature="Verify_AlertsFamesAndWindows()[pri:0, instance:org.sample.TutorialPoint.Parallel_Execuation@239a307b]" started-at="2025-04-11T18:06:41 IST" name="Verify_AlertsFamesAndWindows" finished-at="2025-04-11T18:07:01 IST" duration-ms="19633" status="PASS">
          <reporter-output>
          </reporter-output>
        </test-method> <!-- Verify_AlertsFamesAndWindows -->
        <test-method is-config="true" signature="afterMethod()[pri:0, instance:org.sample.TutorialPoint.Parallel_Execuation@239a307b]" started-at="2025-04-11T18:07:01 IST" name="afterMethod" finished-at="2025-04-11T18:07:02 IST" duration-ms="1151" status="PASS">
          <reporter-output>
          </reporter-output>
        </test-method> <!-- afterMethod -->
        <test-method is-config="true" signature="openBrowser()[pri:0, instance:org.sample.TutorialPoint.Parallel_Execuation@239a307b]" started-at="2025-04-11T18:07:02 IST" name="openBrowser" finished-at="2025-04-11T18:07:04 IST" duration-ms="1948" status="PASS">
          <reporter-output>
          </reporter-output>
        </test-method> <!-- openBrowser -->
        <test-method signature="Verify_Elements()[pri:0, instance:org.sample.TutorialPoint.Parallel_Execuation@239a307b]" started-at="2025-04-11T18:07:04 IST" name="Verify_Elements" finished-at="2025-04-11T18:07:28 IST" duration-ms="24013" status="PASS">
          <reporter-output>
          </reporter-output>
        </test-method> <!-- Verify_Elements -->
        <test-method is-config="true" signature="afterMethod()[pri:0, instance:org.sample.TutorialPoint.Parallel_Execuation@239a307b]" started-at="2025-04-11T18:07:28 IST" name="afterMethod" finished-at="2025-04-11T18:07:29 IST" duration-ms="1190" status="PASS">
          <reporter-output>
          </reporter-output>
        </test-method> <!-- afterMethod -->
        <test-method is-config="true" signature="openBrowser()[pri:0, instance:org.sample.TutorialPoint.Parallel_Execuation@239a307b]" started-at="2025-04-11T18:07:29 IST" name="openBrowser" finished-at="2025-04-11T18:07:31 IST" duration-ms="1651" status="PASS">
          <reporter-output>
          </reporter-output>
        </test-method> <!-- openBrowser -->
        <test-method signature="Verify_Forms()[pri:0, instance:org.sample.TutorialPoint.Parallel_Execuation@239a307b]" started-at="2025-04-11T18:07:31 IST" name="Verify_Forms" finished-at="2025-04-11T18:08:36 IST" duration-ms="64992" status="PASS">
          <reporter-output>
          </reporter-output>
        </test-method> <!-- Verify_Forms -->
        <test-method is-config="true" signature="afterMethod()[pri:0, instance:org.sample.TutorialPoint.Parallel_Execuation@239a307b]" started-at="2025-04-11T18:08:36 IST" name="afterMethod" finished-at="2025-04-11T18:08:37 IST" duration-ms="1163" status="PASS">
          <reporter-output>
          </reporter-output>
        </test-method> <!-- afterMethod -->
        <test-method is-config="true" signature="openBrowser()[pri:0, instance:org.sample.TutorialPoint.Parallel_Execuation@239a307b]" started-at="2025-04-11T18:08:37 IST" name="openBrowser" finished-at="2025-04-11T18:08:39 IST" duration-ms="1806" status="PASS">
          <reporter-output>
          </reporter-output>
        </test-method> <!-- openBrowser -->
        <test-method signature="Verify_Widgets()[pri:0, instance:org.sample.TutorialPoint.Parallel_Execuation@239a307b]" started-at="2025-04-11T18:08:39 IST" name="Verify_Widgets" finished-at="2025-04-11T18:10:58 IST" duration-ms="139535" status="PASS">
          <reporter-output>
          </reporter-output>
        </test-method> <!-- Verify_Widgets -->
        <test-method is-config="true" signature="afterMethod()[pri:0, instance:org.sample.TutorialPoint.Parallel_Execuation@239a307b]" started-at="2025-04-11T18:10:58 IST" name="afterMethod" finished-at="2025-04-11T18:10:59 IST" duration-ms="1164" status="PASS">
          <reporter-output>
          </reporter-output>
        </test-method> <!-- afterMethod -->
      </class> <!-- org.sample.TutorialPoint.Parallel_Execuation -->
    </test> <!-- Parallel Test -->
  </suite> <!-- parallel testing -->
</testng-results>
