<?xml version="1.0" encoding="UTF-8"?>
<!-- Generated by org.testng.reporters.JUnitXMLReporter -->
<testsuite ignored="0" hostname="LTIN485176" failures="0" tests="4" name="Default test" time="286.988" errors="0" timestamp="2025-04-10T19:48:07 IST">
  <testcase classname="org.sample.TutorialPoint.Parallel_Execuation" name="Verify_AlertsFamesAndWindows" time="19.185"/>
  <testcase classname="org.sample.TutorialPoint.Parallel_Execuation" name="Verify_Elements" time="51.756"/>
  <testcase classname="org.sample.TutorialPoint.Parallel_Execuation" name="Verify_Forms" time="64.613"/>
  <testcase classname="org.sample.TutorialPoint.Parallel_Execuation" name="Verify_Widgets" time="138.169"/>
</testsuite> <!-- Default test -->
